Using gpu device 0: GRID K520 (CNMeM is enabled)
/home/ubuntu/.local/lib/python2.7/site-packages/theano/tensor/signal/downsample.py:5: UserWarning: downsample module has been moved to the pool module.
  warnings.warn("downsample module has been moved to the pool module.")
Loading data...
loading training data for synset 20 / 100
loading training data for synset 40 / 100
loading training data for synset 60 / 100
loading training data for synset 80 / 100
loading training data for synset 100 / 100
Building model and compiling functions...
number of parameters in model: 470004
Starting training...
Epoch 1 of 80 took 6.924m
  training loss:		4.217388
  validation loss:		3.561484
  validation accuracy:		15.06 %
Epoch 2 of 80 took 6.937m
  training loss:		3.654875
  validation loss:		3.227982
  validation accuracy:		22.26 %
Epoch 3 of 80 took 6.937m
  training loss:		3.332412
  validation loss:		3.110568
  validation accuracy:		25.42 %
Epoch 4 of 80 took 6.937m
  training loss:		3.099781
  validation loss:		2.860153
  validation accuracy:		29.60 %
Epoch 5 of 80 took 6.935m
  training loss:		2.930791
  validation loss:		2.759223
  validation accuracy:		32.82 %
Epoch 6 of 80 took 6.917m
  training loss:		2.789157
  validation loss:		2.565896
  validation accuracy:		36.68 %
Epoch 7 of 80 took 6.919m
  training loss:		2.674510
  validation loss:		2.447086
  validation accuracy:		39.78 %
Epoch 8 of 80 took 6.917m
  training loss:		2.581172
  validation loss:		2.423056
  validation accuracy:		40.08 %
Epoch 9 of 80 took 6.919m
  training loss:		2.508746
  validation loss:		2.465173
  validation accuracy:		39.16 %
Epoch 10 of 80 took 6.918m
  training loss:		2.456124
  validation loss:		2.305407
  validation accuracy:		42.34 %
Epoch 11 of 80 took 6.919m
  training loss:		2.396144
  validation loss:		2.274296
  validation accuracy:		43.50 %
Epoch 12 of 80 took 6.919m
  training loss:		2.358279
  validation loss:		2.350027
  validation accuracy:		41.74 %
Epoch 13 of 80 took 6.917m
  training loss:		2.314493
  validation loss:		2.277209
  validation accuracy:		44.48 %
Epoch 14 of 80 took 6.919m
  training loss:		2.289242
  validation loss:		2.168221
  validation accuracy:		46.54 %
Epoch 15 of 80 took 6.918m
  training loss:		2.264707
  validation loss:		2.254256
  validation accuracy:		44.96 %
Epoch 16 of 80 took 6.916m
  training loss:		2.233789
  validation loss:		2.159901
  validation accuracy:		46.46 %
Epoch 17 of 80 took 6.919m
  training loss:		2.209616
  validation loss:		2.084400
  validation accuracy:		47.76 %
Epoch 18 of 80 took 6.919m
  training loss:		2.187173
  validation loss:		2.213515
  validation accuracy:		46.38 %
Epoch 19 of 80 took 6.918m
  training loss:		2.186646
  validation loss:		2.365605
  validation accuracy:		42.76 %
Epoch 20 of 80 took 6.919m
  training loss:		2.161737
  validation loss:		2.272434
  validation accuracy:		44.38 %
Epoch 21 of 80 took 6.919m
  training loss:		2.152804
  validation loss:		2.144536
  validation accuracy:		47.28 %
Epoch 22 of 80 took 6.920m
  training loss:		2.138684
  validation loss:		2.203515
  validation accuracy:		45.84 %
Epoch 23 of 80 took 6.917m
  training loss:		2.130105
  validation loss:		2.137925
  validation accuracy:		46.26 %
Epoch 24 of 80 took 6.919m
  training loss:		2.114747
  validation loss:		2.134116
  validation accuracy:		48.10 %
Epoch 25 of 80 took 6.917m
  training loss:		2.118546
  validation loss:		2.109596
  validation accuracy:		47.92 %
Epoch 26 of 80 took 6.919m
  training loss:		2.100345
  validation loss:		2.080036
  validation accuracy:		47.96 %
Epoch 27 of 80 took 6.919m
  training loss:		2.092888
  validation loss:		2.011773
  validation accuracy:		50.34 %
Epoch 28 of 80 took 6.917m
  training loss:		2.084546
  validation loss:		2.181237
  validation accuracy:		46.98 %
Epoch 29 of 80 took 6.919m
  training loss:		2.078890
  validation loss:		2.247000
  validation accuracy:		45.86 %
Epoch 30 of 80 took 6.918m
  training loss:		2.078750
  validation loss:		2.102132
  validation accuracy:		48.24 %
Epoch 31 of 80 took 6.918m
  training loss:		2.069776
  validation loss:		2.211878
  validation accuracy:		47.28 %
Epoch 32 of 80 took 6.918m
  training loss:		2.054748
  validation loss:		2.154761
  validation accuracy:		46.62 %
Epoch 33 of 80 took 6.919m
  training loss:		2.062690
  validation loss:		2.204928
  validation accuracy:		48.38 %
Epoch 34 of 80 took 6.919m
  training loss:		2.041920
  validation loss:		2.164613
  validation accuracy:		48.14 %
Epoch 35 of 80 took 6.919m
  training loss:		2.049670
  validation loss:		2.092753
  validation accuracy:		50.18 %
Epoch 36 of 80 took 6.918m
  training loss:		2.054606
  validation loss:		2.125573
  validation accuracy:		49.50 %
Epoch 37 of 80 took 6.917m
  training loss:		2.038273
  validation loss:		2.125246
  validation accuracy:		48.42 %
Epoch 38 of 80 took 6.918m
  training loss:		2.042312
  validation loss:		2.177201
  validation accuracy:		47.16 %
Epoch 39 of 80 took 6.920m
  training loss:		2.029293
  validation loss:		2.071281
  validation accuracy:		49.64 %
Epoch 40 of 80 took 6.916m
  training loss:		2.028622
  validation loss:		2.055214
  validation accuracy:		49.78 %
Epoch 41 of 80 took 6.916m
  training loss:		2.020608
  validation loss:		2.144317
  validation accuracy:		48.56 %
New LR:0.010000000149
Epoch 42 of 80 took 6.919m
  training loss:		1.660511
  validation loss:		1.596184
  validation accuracy:		59.28 %
Epoch 43 of 80 took 6.919m
  training loss:		1.479520
  validation loss:		1.604496
  validation accuracy:		59.58 %
Epoch 44 of 80 took 6.917m
  training loss:		1.417159
  validation loss:		1.621834
  validation accuracy:		59.40 %
Epoch 45 of 80 took 6.917m
  training loss:		1.369385
  validation loss:		1.634326
  validation accuracy:		59.12 %
Epoch 46 of 80 took 6.919m
  training loss:		1.328411
  validation loss:		1.670208
  validation accuracy:		59.64 %
Epoch 47 of 80 took 6.920m
  training loss:		1.296648
  validation loss:		1.702172
  validation accuracy:		59.18 %
Epoch 48 of 80 took 6.918m
  training loss:		1.271818
  validation loss:		1.711076
  validation accuracy:		58.74 %
Epoch 49 of 80 took 6.918m
  training loss:		1.236296
  validation loss:		1.742835
  validation accuracy:		59.02 %
Epoch 50 of 80 took 6.920m
  training loss:		1.214552
  validation loss:		1.766082
  validation accuracy:		58.38 %
Epoch 51 of 80 took 6.918m
  training loss:		1.188273
  validation loss:		1.772742
  validation accuracy:		58.80 %
Epoch 52 of 80 took 6.915m
  training loss:		1.171500
  validation loss:		1.831854
  validation accuracy:		57.68 %
Epoch 53 of 80 took 6.916m
  training loss:		1.147236
  validation loss:		1.862032
  validation accuracy:		58.14 %
Epoch 54 of 80 took 6.919m
  training loss:		1.126519
  validation loss:		1.847272
  validation accuracy:		58.18 %
Epoch 55 of 80 took 6.918m
  training loss:		1.109709
  validation loss:		1.902220
  validation accuracy:		57.50 %
Epoch 56 of 80 took 6.916m
  training loss:		1.086979
  validation loss:		1.883175
  validation accuracy:		57.54 %
Epoch 57 of 80 took 6.917m
  training loss:		1.069162
  validation loss:		1.940292
  validation accuracy:		57.56 %
Epoch 58 of 80 took 6.919m
  training loss:		1.051645
  validation loss:		1.942567
  validation accuracy:		57.18 %
Epoch 59 of 80 took 6.919m
  training loss:		1.038464
  validation loss:		1.971971
  validation accuracy:		57.42 %
Epoch 60 of 80 took 6.918m
  training loss:		1.020769
  validation loss:		2.006111
  validation accuracy:		56.90 %
Epoch 61 of 80 took 6.912m
  training loss:		1.006888
  validation loss:		2.006015
  validation accuracy:		56.86 %
New LR:0.000999999977648
Epoch 62 of 80 took 6.920m
  training loss:		0.933583
  validation loss:		1.975806
  validation accuracy:		57.30 %
Epoch 63 of 80 took 6.919m
  training loss:		0.912957
  validation loss:		1.984366
  validation accuracy:		57.42 %
Epoch 64 of 80 took 6.917m
  training loss:		0.900074
  validation loss:		1.995790
  validation accuracy:		57.36 %
Epoch 65 of 80 took 6.914m
  training loss:		0.891986
  validation loss:		1.995318
  validation accuracy:		57.40 %
Epoch 66 of 80 took 6.919m
  training loss:		0.893991
  validation loss:		2.016463
  validation accuracy:		57.22 %
Epoch 67 of 80 took 6.919m
  training loss:		0.887284
  validation loss:		2.025331
  validation accuracy:		57.36 %
Epoch 68 of 80 took 6.919m
  training loss:		0.884462
  validation loss:		2.015570
  validation accuracy:		57.22 %
Epoch 69 of 80 took 6.913m
  training loss:		0.879145
  validation loss:		2.022671
  validation accuracy:		57.28 %
Epoch 70 of 80 took 6.920m
  training loss:		0.876697
  validation loss:		2.032077
  validation accuracy:		56.92 %
Epoch 71 of 80 took 6.920m
  training loss:		0.872839
  validation loss:		2.016449
  validation accuracy:		57.12 %
Epoch 72 of 80 took 6.919m
  training loss:		0.869817
  validation loss:		2.027859
  validation accuracy:		57.06 %
Epoch 73 of 80 took 6.917m
  training loss:		0.864949
  validation loss:		2.034901
  validation accuracy:		56.70 %
Epoch 74 of 80 took 6.920m
  training loss:		0.866760
  validation loss:		2.035802
  validation accuracy:		56.78 %
Epoch 75 of 80 took 6.919m
  training loss:		0.862329
  validation loss:		2.050132
  validation accuracy:		56.78 %
Epoch 76 of 80 took 6.918m
  training loss:		0.860753
  validation loss:		2.058384
  validation accuracy:		56.98 %
Epoch 77 of 80 took 6.914m
  training loss:		0.856859
  validation loss:		2.055923
  validation accuracy:		57.04 %
Epoch 78 of 80 took 6.921m
  training loss:		0.852028
  validation loss:		2.059655
  validation accuracy:		56.78 %
Epoch 79 of 80 took 6.923m
  training loss:		0.852392
  validation loss:		2.056116
  validation accuracy:		56.46 %
Epoch 80 of 80 took 6.925m
  training loss:		0.848263
  validation loss:		2.063776
  validation accuracy:		56.88 %
Total training time: 554.717m
Final results:
  test loss:			2.065339
  test accuracy:		56.87 %
