Using gpu device 0: GRID K520 (CNMeM is enabled)
/home/ubuntu/.local/lib/python2.7/site-packages/theano/tensor/signal/downsample.py:5: UserWarning: downsample module has been moved to the pool module.
  warnings.warn("downsample module has been moved to the pool module.")
Loading data...
loading training data for synset 20 / 100
loading training data for synset 40 / 100
loading training data for synset 60 / 100
loading training data for synset 80 / 100
loading training data for synset 100 / 100
Building model and compiling functions...
ResFuse Net
number of parameters in model: 474676
Starting training...
Epoch 1 of 90 took 7.776m
  training loss:		nan
  validation loss:		nan
  validation accuracy:		1.00 %
 top 5 validation accuracy:		5.00 %
Epoch 2 of 90 took 7.776m
  training loss:		nan
  validation loss:		nan
  validation accuracy:		1.00 %
 top 5 validation accuracy:		5.00 %
Epoch 3 of 90 took 7.777m
  training loss:		nan
  validation loss:		nan
  validation accuracy:		1.00 %
 top 5 validation accuracy:		5.00 %
Epoch 4 of 90 took 7.777m
  training loss:		nan
  validation loss:		nan
  validation accuracy:		1.00 %
 top 5 validation accuracy:		5.00 %
Epoch 5 of 90 took 7.778m
  training loss:		nan
  validation loss:		nan
  validation accuracy:		1.00 %
 top 5 validation accuracy:		5.00 %
Epoch 6 of 90 took 7.778m
  training loss:		nan
  validation loss:		nan
  validation accuracy:		1.00 %
 top 5 validation accuracy:		5.00 %
Epoch 7 of 90 took 7.777m
  training loss:		nan
  validation loss:		nan
  validation accuracy:		1.00 %
 top 5 validation accuracy:		5.00 %
Epoch 8 of 90 took 7.774m
  training loss:		nan
  validation loss:		nan
  validation accuracy:		1.00 %
 top 5 validation accuracy:		5.00 %
Epoch 9 of 90 took 7.776m
  training loss:		nan
  validation loss:		nan
  validation accuracy:		1.00 %
 top 5 validation accuracy:		5.00 %
Epoch 10 of 90 took 7.776m
  training loss:		nan
  validation loss:		nan
  validation accuracy:		1.00 %
 top 5 validation accuracy:		5.00 %
Epoch 11 of 90 took 7.776m
  training loss:		nan
  validation loss:		nan
  validation accuracy:		1.00 %
 top 5 validation accuracy:		5.00 %
Epoch 12 of 90 took 7.777m
  training loss:		nan
  validation loss:		nan
  validation accuracy:		1.00 %
 top 5 validation accuracy:		5.00 %
Epoch 13 of 90 took 7.777m
  training loss:		nan
  validation loss:		nan
  validation accuracy:		1.00 %
 top 5 validation accuracy:		5.00 %
Epoch 14 of 90 took 7.777m
  training loss:		nan
  validation loss:		nan
  validation accuracy:		1.00 %
 top 5 validation accuracy:		5.00 %
